<?xml version="1.0" encoding="UTF-8"?>
<!-- Generated by org.testng.reporters.JUnitXMLReporter -->
<testsuite ignored="0" hostname="DESKTOP-KI1E5UL" failures="1" tests="1" name="ChromeTest" time="33.684" errors="0" timestamp="2025-12-20T19:11:54 IST">
  <testcase classname="testCases.TC_001AccountRegistrationTest" name="Verify_account_registration" time="11.657">
    <failure type="java.lang.AssertionError" message="null">
      <![CDATA[java.lang.AssertionError: null
at testCases.TC_001AccountRegistrationTest.Verify_account_registration(TC_001AccountRegistrationTest.java:54)
at java.base/java.util.ArrayList.forEach(ArrayList.java:1597)
... Removed 27 stack frames]]>
    </failure>
  </testcase> <!-- Verify_account_registration -->
</testsuite> <!-- ChromeTest -->
